Successfully sent to dra@smileddstudio.com (Message ID: <ac4dcdd7-e870-91ee-2a6b-7466f44d39d9@agentflo.dev>)
Successfully sent to drfrankorlando@gmail.com (Message ID: <c2442987-baf8-3931-7e66-2d2d6fdd9a05@agentflo.dev>)
Successfully sent to drg@dr-gonzalez-dds.com (Message ID: <2be5a11b-5624-0319-545c-6e1c82d864aa@agentflo.dev>)
Successfully sent to drgardner@northshorerid.com (Message ID: <371af400-7d42-46a9-e74d-5bc9e212a793@agentflo.dev>)
Successfully sent to drgeoffrey@bdcny.com (Message ID: <c9252db4-253a-aa85-f824-022d25846b99@agentflo.dev>)
Successfully sent to drprovinceinfo@gmail.com (Message ID: <10c6c479-9a53-d9db-0b1e-f04986fef35c@agentflo.dev>)
Successfully sent to drsachar@sachardental.com (Message ID: <ee5e66b4-49da-a6ee-dd86-86d76ec51d07@agentflo.dev>)
Successfully sent to drtruong@truongrehab.com (Message ID: <fce978f5-ec80-b038-5225-086b1de27382@agentflo.dev>)
Successfully sent to dtavelinsky@refuahhealth.org (Message ID: <7acdcc34-8ab1-12eb-357c-39c2abf751e9@agentflo.dev>)
Successfully sent to ebbie@yourbronxdentist.com (Message ID: <12cf0a8f-4560-e8e0-4adc-61e9041586f5@agentflo.dev>)
Successfully sent to ekelmanperio@gmail.com (Message ID: <8a69c07c-5bb4-6369-4855-a370723cf37e@agentflo.dev>)
Successfully sent to elizabeth.dinh@pacificdentalservices.com (Message ID: <0270fc6b-1f5d-7d8a-83cd-d7a2a2fbfe47@agentflo.dev>)
Successfully sent to greenwich@drlinhart.com (Message ID: <70660994-d77f-42d4-1ff6-30c95959d3a4@agentflo.dev>)
Successfully sent to hello@dentalwestnyc.com (Message ID: <3f43b596-814e-fcda-e93c-1a49e0250d9a@agentflo.dev>)
Successfully sent to hello@empireaesthetics.com (Message ID: <7bb9beb6-0bf0-1a22-bafb-d5f471860fed@agentflo.dev>)
Successfully sent to hello@housecalldentists.com (Message ID: <86484c5a-8e94-ad0e-ad6b-d45bd9b1a36b@agentflo.dev>)
Successfully sent to hello@madisondental.com (Message ID: <8e9b3c8a-6857-d2fc-1e93-52e02e1c44ce@agentflo.dev>)
Successfully sent to hello@ritualdental.com (Message ID: <214d8b6c-a7dd-7b7a-a14e-91e5abb93af8@agentflo.dev>)
Successfully sent to hello@spadentalgroup.com (Message ID: <6e084413-a814-493e-384e-6db907e517f8@agentflo.dev>)
Successfully sent to hellony@housecalldentists.com (Message ID: <6c6cd876-e4d8-c512-f82c-d1c7da99f0a9@agentflo.dev>)
Successfully sent to hi@carebywally.com (Message ID: <6bb02611-8101-6b14-231c-29b70919b348@agentflo.dev>)
Successfully sent to hkarlin@damian.org (Message ID: <3e31f58c-34d9-d34d-e4f3-c8e24cacbdbe@agentflo.dev>)
Successfully sent to iahmed825@gmail.com (Message ID: <041dfc85-45e5-59d2-9c70-c08362a3e78f@agentflo.dev>)
Successfully sent to info@172nycdental.com (Message ID: <ff3e835e-bab0-be82-596a-3c382a482920@agentflo.dev>)
Successfully sent to info@209nycdental.com (Message ID: <05c7e7d9-4b5a-6f0e-9790-093e4aa01798@agentflo.dev>)
Successfully sent to info@212smiling.com (Message ID: <0404fa0b-bea8-fac1-ddac-4ae0db0a6b12@agentflo.dev>)
Successfully sent to info@SmileCafeNY.com (Message ID: <ecef77e2-e3e7-b71e-6d77-79133046093f@agentflo.dev>)
Successfully sent to info@advanceddentalartsnyc.com (Message ID: <da07ed59-8180-cd2d-721c-21fd7e0437bd@agentflo.dev>)
Successfully sent to info@avenuedentalny.com (Message ID: <ffbad50f-34bc-4411-87d1-bf461c81fac3@agentflo.dev>)
Successfully sent to info@benjamindds.com (Message ID: <2bbf443a-1c35-9175-9cbd-4723574ce7fc@agentflo.dev>)
Successfully sent to info@britedentalnyc.com (Message ID: <bcb7b5c0-9b93-f92e-5bbb-9724e95847af@agentflo.dev>)
Successfully sent to info@ccdds.com (Message ID: <6aa0f9bc-5c62-56c1-06f2-f09b9f761f1d@agentflo.dev>)
Successfully sent to info@cortesadvanceddentistry.com (Message ID: <722e1d36-95a3-8aa8-1ced-d38b62a2808f@agentflo.dev>)
Successfully sent to info@cosmeticdentistnyc.com (Message ID: <481c5f0b-2bca-0eee-408f-de57d2de3704@agentflo.dev>)
Successfully sent to info@dentalboutiquenyc.com (Message ID: <2212bcf2-c0a7-e4bd-2e28-0ada4f5e93e0@agentflo.dev>)
Successfully sent to info@dentalserenity.us (Message ID: <61992ce0-051f-c820-21ad-0fb53bbeb927@agentflo.dev>)
Successfully sent to info@dentalspecialistsofny.com (Message ID: <31cf78c9-bf8b-dfd1-b136-3e088d9adb5c@agentflo.dev>)
Successfully sent to info@dentiquenyc.com (Message ID: <9676d8b3-a219-19c3-a6af-c32dc5c78d94@agentflo.dev>)
Successfully sent to info@dralex.nyc (Message ID: <9ae64d24-9297-abd8-3c11-ef509976547c@agentflo.dev>)
Successfully sent to info@drlinhart.com (Message ID: <e5f1c4e9-8358-6e53-1911-6a179f5c1a71@agentflo.dev>)
Successfully sent to info@drrobertberg.com (Message ID: <e02a3300-1622-881c-8d62-560ddb9d2f28@agentflo.dev>)
Successfully sent to info@eoi.nyc (Message ID: <de5869ed-a240-57f6-953b-930c94be1975@agentflo.dev>)
Successfully sent to info@koppelmandental.com (Message ID: <eaafd5a4-6f43-fc56-e50e-6ebb531d0b34@agentflo.dev>)
Successfully sent to info@levydentalarts.com (Message ID: <72a19430-a93e-6d1a-95f5-0cda3a966468@agentflo.dev>)
Successfully sent to info@lumiadental.com (Message ID: <b0564208-fa83-2d31-0e82-851a7c314cd8@agentflo.dev>)
Successfully sent to info@mymanhattancosmeticdentist.com (Message ID: <cecac904-27d8-2f80-35ae-65ade7e476d1@agentflo.dev>)
Successfully sent to info@nycdent.com (Message ID: <fd2f80c2-5bf2-7659-cf60-5aed889b4375@agentflo.dev>)
[2026-03-21T12:09:52.325Z] Successfully sent to info@nycdentaloffice.com (Message ID: <210cc8e0-a4f5-2801-f21b-dab2876bf0e5@agentflo.dev>)
[2026-03-21T12:10:55.882Z] Successfully sent to info@nycdentistrycenter.com (Message ID: <0650fbf9-92c1-4fa5-b8f7-9842f0cc0d70@agentflo.dev>)
[2026-03-21T12:11:55.178Z] Successfully sent to info@onerockdental.com (Message ID: <dc5d006b-d09f-f3d6-677b-d5ba5007f1e9@agentflo.dev>)
[2026-03-21T12:12:55.366Z] Successfully sent to info@parksmilesnyc.com (Message ID: <2cd2fa36-9bc3-9409-7e5c-feb730105bd7@agentflo.dev>)
[2026-03-21T12:13:55.400Z] Successfully sent to info@periony.com (Message ID: <0807b8a6-d1eb-5848-bc21-d26b1f640795@agentflo.dev>)
[2026-03-21T12:14:55.139Z] Successfully sent to info@savantdds.com (Message ID: <6b239286-e81f-e5bc-09cd-bf35dd5296a0@agentflo.dev>)
[2026-03-21T12:15:55.083Z] Successfully sent to info@seguritandental.com (Message ID: <40508a84-cbc4-3d47-f18e-1b574f01ad69@agentflo.dev>)
[2026-03-21T12:16:55.331Z] Successfully sent to info@slimdental.com (Message ID: <8ae042ad-7ad5-ebef-9d94-9ba6916d7312@agentflo.dev>)
[2026-03-21T12:17:55.426Z] Successfully sent to info@suttonpda.com (Message ID: <3b02d21a-80ad-7b2f-15cc-0bad3b8affc0@agentflo.dev>)
[2026-03-21T12:18:55.202Z] Successfully sent to info@theparkoms.com (Message ID: <6a282ba1-a693-2b48-bdaf-5fa13a4afe60@agentflo.dev>)
[2026-03-21T12:19:55.523Z] Successfully sent to info@weomedia.com (Message ID: <826d3bc0-6a37-debb-3a6d-8d411e106479@agentflo.dev>)
[2026-03-21T12:20:55.155Z] Successfully sent to jdyer@montefiore.org (Message ID: <7c194e54-7a7c-e56a-e476-e1f941ea1fc4@agentflo.dev>)
[2026-03-21T12:21:55.413Z] Successfully sent to jennifer@denvilledentalgroup.com (Message ID: <69a1abc1-6ffb-2ec2-020a-ca2afc88c060@agentflo.dev>)
[2026-03-21T12:22:55.078Z] Successfully sent to jovanka@mamutdentistry.com (Message ID: <9f80f764-e2a3-860d-206f-a003d5635910@agentflo.dev>)
[2026-03-21T12:23:55.486Z] Successfully sent to jzdental@gmail.com (Message ID: <df757007-cc75-e01d-d07e-00be7b4abb52@agentflo.dev>)
[2026-03-21T12:24:55.358Z] Successfully sent to jzimmer@dentaldepot.net (Message ID: <24ad0f28-c2d3-4293-92f4-35f766ebb759@agentflo.dev>)
[2026-03-21T12:25:55.510Z] Successfully sent to kbradydds@gmail.com (Message ID: <31fabad1-4236-6c53-817e-17fa68ac232a@agentflo.dev>)
[2026-03-21T12:26:55.200Z] Successfully sent to khalida@smilesofstyle.com (Message ID: <67c2e090-4006-1f11-3e5b-cd546efbfc02@agentflo.dev>)
[2026-03-21T12:27:55.690Z] Successfully sent to lrozenbergdds@gmail.com (Message ID: <fa88b8d3-a83d-95a7-e30b-eff1f86ccc13@agentflo.dev>)
[2026-03-21T12:28:55.249Z] Successfully sent to madisonsmiles25@gmail.com (Message ID: <63d1818f-8c9a-4060-3fab-eba0aec46959@agentflo.dev>)
[2026-03-21T12:29:55.143Z] Successfully sent to manager@dddentalnyc.com (Message ID: <4ed6d657-fac0-9fed-fc69-998e248ca18b@agentflo.dev>)
[2026-03-21T12:30:55.433Z] Successfully sent to manager@tribecadentalny.com (Message ID: <ce506e74-460c-897d-082d-16b31bc8ac32@agentflo.dev>)
[2026-03-21T12:31:54.997Z] Successfully sent to manhattanmaxillofacial@gmail.com (Message ID: <5dd56174-b4fa-0fdc-0f83-6b69f1a9474b@agentflo.dev>)
[2026-03-21T14:27:16.823Z] Successfully sent to perfectdentalcareny@gmail.com (Message ID: <991980bb-4eb0-c6ff-b675-ead45aa9816c@agentflo.dev>)
